0 info it worked if it ends with ok
1 verbose cli [ 'C:\\Program Files\\nodejs\\node.exe',
1 verbose cli   'C:\\Program Files\\nodejs\\node_modules\\npm\\bin\\npm-cli.js',
1 verbose cli   'start' ]
2 info using npm@3.10.10
3 info using node@v6.9.5
4 verbose run-script [ 'prestart', 'start', 'poststart' ]
5 info lifecycle reveal.js@3.4.1~prestart: reveal.js@3.4.1
6 silly lifecycle reveal.js@3.4.1~prestart: no script for prestart, continuing
7 info lifecycle reveal.js@3.4.1~start: reveal.js@3.4.1
8 verbose lifecycle reveal.js@3.4.1~start: unsafe-perm in lifecycle true
9 verbose lifecycle reveal.js@3.4.1~start: PATH: C:\nvm\v6.9.5\node_modules\npm\bin\node-gyp-bin;C:\web\repos\thick-client-presentation\slide-deck\node_modules\.bin;C:\Users\schneij\bin;C:\Program Files\Git\mingw64\bin;C:\Program Files\Git\usr\local\bin;C:\Program Files\Git\usr\bin;C:\Program Files\Git\usr\bin;C:\Program Files\Git\mingw64\bin;C:\Program Files\Git\usr\bin;C:\Users\schneij\bin;C:\ProgramData\Oracle\Java\javapath;C:\Python27;C:\Python27\Scripts;C:\Program Files (x86)\Intel\iCLS Client;C:\Program Files\Intel\iCLS Client;C:\Ruby21\bin;C:\sybase\JS-12_5\bin;C:\sybase\OLEDB;C:\sybase\ODBC;C:\sybase\OCS-12_5\lib3p;C:\sybase\OCS-12_5\dll;C:\sybase\OCS-12_5\bin;C:\Sybase_15.0.3\DataAccess64\ADONET\dll;C:\Sybase_15.0.3\DataAccess\ADONET\dll;C:\Sybase_15.0.3\DataAccess\OLEDB\dll;C:\Sybase_15.0.3\DataAccess64\OLEDB\dll;C:\Sybase_15.0.3\DataAccess\ODBC\dll;C:\Sybase_15.0.3\DataAccess64\ODBC\dll;C:\Sybase_15.0.3\OCS-15_0\lib3p64;C:\Sybase_15.0.3\OCS-15_0\lib3p;C:\Sybase_15.0.3\OCS-15_0\dll;C:\Sybase_15.0.3\OCS-15_0\bin;C:\Windows\system32;C:\Windows;C:\Windows\System32\Wbem;C:\Windows\System32\WindowsPowerShell\v1.0;C:\Sybase_15.0.3\DBISQL\bin;C:\Windows\System32\WindowsPowerShell\v1.0;C:\Program Files\Microsoft\Web Platform Installer;C:\Program Files (x86)\Microsoft ASP.NET\ASP.NET Web Pages\v1.0;C:\Program Files\Microsoft SQL Server\110\Tools\Binn;C;C:\nvm;C:\Program F?iles\nodejs;C:\;C:\Program Files (x86)\WinSCP;C:\Program Files\Git\usr\bin\git.exe;C:\Program Files\Git\cmd;C:\Users\schneij\batch;C:\Program Files (x86)\Yarn\bin;C:\Program Files\Intel\WiFi\bin;C:\Program Files\Common Files\Intel\WirelessCommon;C:\ProgramData\Oracle\Java\javapath;C:\apache\apache-maven-2.2.1\bin;C:\apache\apache-maven-2.2.1\bin;C:\apache\apache-maven-2.2.1\bin;C:\Program Files (x86)\Microsoft VS Code\bin;C:\users\schneij\.gem\ruby\2.1.0\bin;C:\nvm;C:\Program Files\nodejs;C:\Program Files\Oracle\Virtualbox;C:\Program Files (x86)\CVSNT;C:\Portable\cmder;C:\Users\schneij\batch;C:\Users\schneij\AppData\Local\Yarn\.bin;C:\Program Files\Intel\WiFi\bin;C:\Program Files\Common Files\Intel\WirelessCommon;C:\Program Files\Git\usr\bin\vendor_perl;C:\Program Files\Git\usr\bin\core_perl
10 verbose lifecycle reveal.js@3.4.1~start: CWD: C:\web\repos\thick-client-presentation\slide-deck
11 silly lifecycle reveal.js@3.4.1~start: Args: [ '/d /s /c', 'grunt serve' ]
12 silly lifecycle reveal.js@3.4.1~start: Returned: code: 1  signal: null
13 info lifecycle reveal.js@3.4.1~start: Failed to exec start script
14 verbose stack Error: reveal.js@3.4.1 start: `grunt serve`
14 verbose stack Exit status 1
14 verbose stack     at EventEmitter.<anonymous> (C:\nvm\v6.9.5\node_modules\npm\lib\utils\lifecycle.js:255:16)
14 verbose stack     at emitTwo (events.js:106:13)
14 verbose stack     at EventEmitter.emit (events.js:191:7)
14 verbose stack     at ChildProcess.<anonymous> (C:\nvm\v6.9.5\node_modules\npm\lib\utils\spawn.js:40:14)
14 verbose stack     at emitTwo (events.js:106:13)
14 verbose stack     at ChildProcess.emit (events.js:191:7)
14 verbose stack     at maybeClose (internal/child_process.js:877:16)
14 verbose stack     at Process.ChildProcess._handle.onexit (internal/child_process.js:226:5)
15 verbose pkgid reveal.js@3.4.1
16 verbose cwd C:\web\repos\thick-client-presentation\slide-deck
17 error Windows_NT 6.1.7601
18 error argv "C:\\Program Files\\nodejs\\node.exe" "C:\\Program Files\\nodejs\\node_modules\\npm\\bin\\npm-cli.js" "start"
19 error node v6.9.5
20 error npm  v3.10.10
21 error code ELIFECYCLE
22 error reveal.js@3.4.1 start: `grunt serve`
22 error Exit status 1
23 error Failed at the reveal.js@3.4.1 start script 'grunt serve'.
23 error Make sure you have the latest version of node.js and npm installed.
23 error If you do, this is most likely a problem with the reveal.js package,
23 error not with npm itself.
23 error Tell the author that this fails on your system:
23 error     grunt serve
23 error You can get information on how to open an issue for this project with:
23 error     npm bugs reveal.js
23 error Or if that isn't available, you can get their info via:
23 error     npm owner ls reveal.js
23 error There is likely additional logging output above.
24 verbose exit [ 1, true ]
